File test5.txt created
File 4913 created
File 4913 deleted
File test.txt created
File test.txt modified
File test.txt~ deleted
File test.txt deleted
File test2.txt deleted
File test5.txt deleted
File test.txt created
File 4913 created
File 4913 deleted
File test.txt created
File test.txt~ deleted
File 4913 created
File 4913 deleted
File test.txt created
File test.txt~ deleted
File 4913 created
File 4913 deleted
File test.txt created
File test.txt~ deleted
File test.txt deleted
File vonada.txt created
File 4913 created
File 4913 deleted
File vonada.txt created
File vonada.txt modified
File vonada.txt~ deleted
File 4913 created
File 4913 deleted
File vonada.txt created
File vonada.txt modified
File vonada.txt~ deleted
File 4913 created
File 4913 deleted
File vonada.txt created
File vonada.txt modified
File vonada.txt~ deleted
File .vonada.txt.kate-swp created
File .vonada.txt.kate-swp modified
File .vonada.txt.kate-swp modified
File .vonada.txt.kate-swp modified
File .vonada.txt.kate-swp modified
File .vonada.txt.kate-swp modified
File .vonada.txt.kate-swp modified
File .vonada.txt.kate-swp modified
File .vonada.txt.kate-swp modified
File .vonada.txt.kate-swp modified
File .vonada.txt.kate-swp modified
File .vonada.txt.kate-swp modified
File .vonada.txt.kate-swp modified
File .vonada.txt.kate-swp modified
File .vonada.txt.kate-swp modified
File .vonada.txt.kate-swp modified
File .vonada.txt.kate-swp modified
File .vonada.txt.kate-swp modified
File .vonada.txt.kate-swp modified
File .vonada.txt.kate-swp modified
File .vonada.txt.kate-swp modified
File .vonada.txt.kate-swp modified
File .vonada.txt.kate-swp modified
File .vonada.txt.kate-swp modified
File .vonada.txt.kate-swp modified
File .vonada.txt.kate-swp modified
File .vonada.txt.kate-swp modified
File .vonada.txt.kate-swp modified
File .vonada.txt.kate-swp modified
File .vonada.txt.kate-swp modified
File .vonada.txt.kate-swp modified
File .vonada.txt.kate-swp modified
File .vonada.txt.kate-swp modified
File .vonada.txt.kate-swp modified
File .vonada.txt.kate-swp modified
File .vonada.txt.kate-swp modified
File .vonada.txt.kate-swp modified
File .vonada.txt.kate-swp modified
File .vonada.txt.kate-swp modified
File .vonada.txt.kate-swp modified
File .vonada.txt.kate-swp modified
File .vonada.txt.kate-swp modified
File .vonada.txt.kate-swp modified
File .vonada.txt.kate-swp modified
File .vonada.txt.kate-swp modified
File .vonada.txt.kate-swp modified
File .vonada.txt.kate-swp modified
File .vonada.txt.kate-swp modified
File .vonada.txt.kate-swp modified
File .vonada.txt.kate-swp modified
File .vonada.txt.kate-swp modified
File .vonada.txt.kate-swp modified
File .vonada.txt.kate-swp modified
File .vonada.txt.kate-swp modified
File .vonada.txt.kate-swp modified
File .vonada.txt.kate-swp modified
File .vonada.txt.kate-swp modified
File .vonada.txt.kate-swp modified
File .vonada.txt.kate-swp modified
File .vonada.txt.kate-swp modified
File .vonada.txt.kate-swp modified
File .vonada.txt.kate-swp modified
File .vonada.txt.kate-swp modified
File .vonada.txt.kate-swp modified
File .vonada.txt.kate-swp modified
File .vonada.txt.kate-swp modified
File .vonada.txt.kate-swp modified
File .vonada.txt.kate-swp modified
File .vonada.txt.kate-swp modified
File .vonada.txt.kate-swp modified
File .vonada.txt.kate-swp modified
File .vonada.txt.kate-swp modified
File .vonada.txt.kate-swp modified
File .vonada.txt.kate-swp modified
File .vonada.txt.kate-swp modified
File .vonada.txt.kate-swp modified
File .vonada.txt.kate-swp modified
File .vonada.txt.kate-swp modified
File .vonada.txt.kate-swp modified
File .vonada.txt.kate-swp modified
File .vonada.txt.kate-swp modified
File .vonada.txt.kate-swp modified
File .vonada.txt.kate-swp modified
File .vonada.txt.kate-swp modified
File vonada.txt modified
File .vonada.txt.kate-swp deleted
File vonada.txt modified
File vonada.txt modified
File vonada.txt modified
File vonada.txt modified
File vonada.txt modified
File vonada.txt modified
File vonada.txt modified
File vonada.txt modified
File vonada.txt modified
File vonada.txt modified
File vonada.txt modified
File vonada.txt modified
File vonada.txt modified
File vonada.txt modified
File vonada.txt modified
File vonada.txt modified
File vonada.txt modified
File vonada.txt modified
File vonada.txt modified
File vonada.txt modified
File vonada.txt modified
File vonada.txt modified
File vonada.txt modified
File vonada.txt modified
File vonada.txt modified
File vonada.txt modified
File vonada.txt modified
File vonada.txt modified
File vonada.txt modified
File vonada.txt modified
File vonada.txt modified
File vonada.txt modified
File vonada.txt modified
File vonada.txt modified
File vonada.txt modified
File vonada.txt modified
File vonada.txt modified
File vonada.txt modified
File vonada.txt modified
File vonada.txt modified
File vonada.txt modified
File vonada.txt modified
File vonada.txt modified
File vonada.txt modified
File vonada.txt modified
File vonada.txt modified
File vonada.txt modified
File vonada.txt modified
File vonada.txt modified
File vonada.txt modified
File vonada.txt modified
File vonada.txt modified
File vonada.txt modified
File vonada.txt modified
File vonada.txt modified
File vonada.txt modified
File vonada.txt modified
File vonada.txt modified
File 4913 created
File 4913 deleted
File vonada.txt created
File vonada.txt modified
File vonada.txt~ deleted
File vosim.txt created
File vonao.txt created
